# JRE version: OpenJDK Runtime Environment (8.0_76-b03) (build 1.8.0_76-release-b03)
# Java VM: OpenJDK 64-Bit Server VM (25.76-b03 mixed mode windows-amd64 compressed oops)
Heap:
 PSYoungGen      total 445440K, used 124272K [0x00000000e0000000, 0x0000000100000000, 0x0000000100000000)
  eden space 369152K, 25% used [0x00000000e0000000,0x00000000e5cc72a0,0x00000000f6880000)
  from space 76288K, 38% used [0x00000000fb180000,0x00000000fce15050,0x00000000ffc00000)
  to   space 74752K, 0% used [0x00000000f6880000,0x00000000f6880000,0x00000000fb180000)
 ParOldGen       total 424960K, used 94083K [0x00000000a0000000, 0x00000000b9f00000, 0x00000000e0000000)
  object space 424960K, 22% used [0x00000000a0000000,0x00000000a5be0df0,0x00000000b9f00000)
 Metaspace       used 148062K, capacity 154654K, committed 154928K, reserved 1185792K
  class space    used 18203K, capacity 19186K, committed 19248K, reserved 1048576K
GC Heap History (10 events):
Event: 7588.137 GC heap before
{Heap before GC invocations=88 (full 10):
 PSYoungGen      total 443904K, used 392636K [0x00000000e0000000, 0x0000000100000000, 0x0000000100000000)
  eden space 364544K, 100% used [0x00000000e0000000,0x00000000f6400000,0x00000000f6400000)
  from space 79360K, 35% used [0x00000000f6400000,0x00000000f7f6f138,0x00000000fb180000)
  to   space 77824K, 0% used [0x00000000fb400000,0x00000000fb400000,0x0000000100000000)
 ParOldGen       total 308224K, used 240179K [0x00000000a0000000, 0x00000000b2d00000, 0x00000000e0000000)
  object space 308224K, 77% used [0x00000000a0000000,0x00000000aea8cd18,0x00000000b2d00000)
 Metaspace       used 136429K, capacity 142372K, committed 142512K, reserved 1173504K
  class space    used 16661K, capacity 17542K, committed 17584K, reserved 1048576K
Event: 7588.347 GC heap after
Heap after GC invocations=88 (full 10):
 PSYoungGen      total 444416K, used 51736K [0x00000000e0000000, 0x0000000100000000, 0x0000000100000000)
  eden space 366592K, 0% used [0x00000000e0000000,0x00000000e0000000,0x00000000f6600000)
  from space 77824K, 66% used [0x00000000fb400000,0x00000000fe6860e8,0x0000000100000000)
  to   space 78848K, 0% used [0x00000000f6600000,0x00000000f6600000,0x00000000fb300000)
 ParOldGen       total 308224K, used 264913K [0x00000000a0000000, 0x00000000b2d00000, 0x00000000e0000000)
  object space 308224K, 85% used [0x00000000a0000000,0x00000000b02b4620,0x00000000b2d00000)
 Metaspace       used 136429K, capacity 142372K, committed 142512K, reserved 1173504K
  class space    used 16661K, capacity 17542K, committed 17584K, reserved 1048576K
}
Event: 7588.347 GC heap before
{Heap before GC invocations=89 (full 11):
 PSYoungGen      total 444416K, used 51736K [0x00000000e0000000, 0x0000000100000000, 0x0000000100000000)
  eden space 366592K, 0% used [0x00000000e0000000,0x00000000e0000000,0x00000000f6600000)
  from space 77824K, 66% used [0x00000000fb400000,0x00000000fe6860e8,0x0000000100000000)
  to   space 78848K, 0% used [0x00000000f6600000,0x00000000f6600000,0x00000000fb300000)
 ParOldGen       total 308224K, used 264913K [0x00000000a0000000, 0x00000000b2d00000, 0x00000000e0000000)
  object space 308224K, 85% used [0x00000000a0000000,0x00000000b02b4620,0x00000000b2d00000)
 Metaspace       used 136429K, capacity 142372K, committed 142512K, reserved 1173504K
  class space    used 16661K, capacity 17542K, committed 17584K, reserved 1048576K
Event: 7590.647 GC heap after
Heap after GC invocations=89 (full 11):
 PSYoungGen      total 444416K, used 0K [0x00000000e0000000, 0x0000000100000000, 0x0000000100000000)
  eden space 366592K, 0% used [0x00000000e0000000,0x00000000e0000000,0x00000000f6600000)
  from space 77824K, 0% used [0x00000000fb400000,0x00000000fb400000,0x0000000100000000)
  to   space 78848K, 0% used [0x00000000f6600000,0x00000000f6600000,0x00000000fb300000)
 ParOldGen       total 424960K, used 200632K [0x00000000a0000000, 0x00000000b9f00000, 0x00000000e0000000)
  object space 424960K, 47% used [0x00000000a0000000,0x00000000ac3ee240,0x00000000b9f00000)
 Metaspace       used 136422K, capacity 142348K, committed 142512K, reserved 1173504K
  class space    used 16659K, capacity 17538K, committed 17584K, reserved 1048576K
}
Event: 7593.416 GC heap before
{Heap before GC invocations=90 (full 11):
 PSYoungGen      total 444416K, used 331081K [0x00000000e0000000, 0x0000000100000000, 0x0000000100000000)
  eden space 366592K, 90% used [0x00000000e0000000,0x00000000f4352610,0x00000000f6600000)
  from space 77824K, 0% used [0x00000000fb400000,0x00000000fb400000,0x0000000100000000)
  to   space 78848K, 0% used [0x00000000f6600000,0x00000000f6600000,0x00000000fb300000)
 ParOldGen       total 424960K, used 200632K [0x00000000a0000000, 0x00000000b9f00000, 0x00000000e0000000)
  object space 424960K, 47% used [0x00000000a0000000,0x00000000ac3ee240,0x00000000b9f00000)
 Metaspace       used 137731K, capacity 143660K, committed 143920K, reserved 1175552K
  class space    used 16796K, capacity 17698K, committed 17712K, reserved 1048576K
Event: 7593.526 GC heap after
Heap after GC invocations=90 (full 11):
 PSYoungGen      total 397824K, used 31100K [0x00000000e0000000, 0x00000000ffc00000, 0x0000000100000000)
  eden space 366592K, 0% used [0x00000000e0000000,0x00000000e0000000,0x00000000f6600000)
  from space 31232K, 99% used [0x00000000f6600000,0x00000000f845f3d8,0x00000000f8480000)
  to   space 76288K, 0% used [0x00000000fb180000,0x00000000fb180000,0x00000000ffc00000)
 ParOldGen       total 424960K, used 200632K [0x00000000a0000000, 0x00000000b9f00000, 0x00000000e0000000)
  object space 424960K, 47% used [0x00000000a0000000,0x00000000ac3ee240,0x00000000b9f00000)
 Metaspace       used 137731K, capacity 143660K, committed 143920K, reserved 1175552K
  class space    used 16796K, capacity 17698K, committed 17712K, reserved 1048576K
}
Event: 7593.526 GC heap before
{Heap before GC invocations=91 (full 12):
 PSYoungGen      total 397824K, used 31100K [0x00000000e0000000, 0x00000000ffc00000, 0x0000000100000000)
  eden space 366592K, 0% used [0x00000000e0000000,0x00000000e0000000,0x00000000f6600000)
  from space 31232K, 99% used [0x00000000f6600000,0x00000000f845f3d8,0x00000000f8480000)
  to   space 76288K, 0% used [0x00000000fb180000,0x00000000fb180000,0x00000000ffc00000)
 ParOldGen       total 424960K, used 200632K [0x00000000a0000000, 0x00000000b9f00000, 0x00000000e0000000)
  object space 424960K, 47% used [0x00000000a0000000,0x00000000ac3ee240,0x00000000b9f00000)
 Metaspace       used 137731K, capacity 143660K, committed 143920K, reserved 1175552K
  class space    used 16796K, capacity 17698K, committed 17712K, reserved 1048576K
Event: 7594.899 GC heap after
Heap after GC invocations=91 (full 12):
 PSYoungGen      total 397824K, used 0K [0x00000000e0000000, 0x00000000ffc00000, 0x0000000100000000)
  eden space 366592K, 0% used [0x00000000e0000000,0x00000000e0000000,0x00000000f6600000)
  from space 31232K, 0% used [0x00000000f6600000,0x00000000f6600000,0x00000000f8480000)
  to   space 76288K, 0% used [0x00000000fb180000,0x00000000fb180000,0x00000000ffc00000)
 ParOldGen       total 424960K, used 94072K [0x00000000a0000000, 0x00000000b9f00000, 0x00000000e0000000)
  object space 424960K, 22% used [0x00000000a0000000,0x00000000a5bde2d8,0x00000000b9f00000)
 Metaspace       used 137731K, capacity 143660K, committed 143920K, reserved 1175552K
  class space    used 16796K, capacity 17698K, committed 17712K, reserved 1048576K
}
Event: 7906.376 GC heap before
{Heap before GC invocations=92 (full 12):
 PSYoungGen      total 397824K, used 366592K [0x00000000e0000000, 0x00000000ffc00000, 0x0000000100000000)
  eden space 366592K, 100% used [0x00000000e0000000,0x00000000f6600000,0x00000000f6600000)
  from space 31232K, 0% used [0x00000000f6600000,0x00000000f6600000,0x00000000f8480000)
  to   space 76288K, 0% used [0x00000000fb180000,0x00000000fb180000,0x00000000ffc00000)
 ParOldGen       total 424960K, used 94075K [0x00000000a0000000, 0x00000000b9f00000, 0x00000000e0000000)
  object space 424960K, 22% used [0x00000000a0000000,0x00000000a5bdedf0,0x00000000b9f00000)
 Metaspace       used 146995K, capacity 153564K, committed 153776K, reserved 1183744K
  class space    used 18098K, capacity 19085K, committed 19120K, reserved 1048576K
Event: 7906.450 GC heap after
Heap after GC invocations=92 (full 12):
 PSYoungGen      total 445440K, used 29268K [0x00000000e0000000, 0x0000000100000000, 0x0000000100000000)
  eden space 369152K, 0% used [0x00000000e0000000,0x00000000e0000000,0x00000000f6880000)
  from space 76288K, 38% used [0x00000000fb180000,0x00000000fce15050,0x00000000ffc00000)
  to   space 74752K, 0% used [0x00000000f6880000,0x00000000f6880000,0x00000000fb180000)
 ParOldGen       total 424960K, used 94083K [0x00000000a0000000, 0x00000000b9f00000, 0x00000000e0000000)
  object space 424960K, 22% used [0x00000000a0000000,0x00000000a5be0df0,0x00000000b9f00000)
 Metaspace       used 146995K, capacity 153564K, committed 153776K, reserved 1183744K
  class space    used 18098K, capacity 19085K, committed 19120K, reserved 1048576K
}

